<?xml version="1.0" encoding="UTF-8"?>
<!-- Generated by org.testng.reporters.JUnitReportReporter -->
<testsuite skipped="0" hostname="LAPTOP-3D82C89L" name="com.crm.spectrum.invoice.TestCreateInvoiceScript" tests="1" failures="0" timestamp="04 Oct 2019 04:23:14 GMT" time="34.078" errors="0">
  <testcase name="createInvoice" time="34.078" classname="com.crm.spectrum.invoice.TestCreateInvoiceScript"/>
</testsuite> <!-- com.crm.spectrum.invoice.TestCreateInvoiceScript -->
